<?xml version="1.0" encoding="UTF-8"?>
<!-- Generated by org.testng.reporters.JUnitReportReporter -->
<testsuite skipped="0" hostname="DESKTOP-0UOB5R2" name="FirstSeleniumTestNG.EditFields1" tests="1" failures="0" timestamp="03 Dec 2021 11:03:59 GMT" time="34.198" errors="0">
  <testcase name="Edit" time="34.198" classname="FirstSeleniumTestNG.EditFields1"/>
</testsuite> <!-- FirstSeleniumTestNG.EditFields1 -->
