<?xml version="1.0" encoding="UTF-8"?>
<!-- Generated by org.testng.reporters.JUnitReportReporter -->
<testsuite skipped="0" hostname="DESKTOP-0UOB5R2" name="FirstSeleniumTestNG.AlertFields1" tests="1" failures="0" timestamp="03 Dec 2021 11:06:16 GMT" time="60.687" errors="0">
  <testcase name="main" time="60.687" classname="FirstSeleniumTestNG.AlertFields1"/>
</testsuite> <!-- FirstSeleniumTestNG.AlertFields1 -->
