<?xml version="1.0" encoding="UTF-8"?>
<!-- Generated by org.testng.reporters.JUnitReportReporter -->
<testsuite skipped="0" hostname="DESKTOP-0UOB5R2" name="testNG.GroupingExample" tests="8" failures="0" timestamp="03 Dec 2021 10:55:56 GMT" time="0.073" errors="0">
  <testcase name="moto2" time="0.015" classname="testNG.GroupingExample"/>
  <testcase name="apple2" time="0.005" classname="testNG.GroupingExample"/>
  <testcase name="vivo1" time="0.005" classname="testNG.GroupingExample"/>
  <testcase name="Lenovo1" time="0.023" classname="testNG.GroupingExample"/>
  <testcase name="moto1" time="0.004" classname="testNG.GroupingExample"/>
  <testcase name="Lenovo2" time="0.009" classname="testNG.GroupingExample"/>
  <testcase name="apple1" time="0.004" classname="testNG.GroupingExample"/>
  <testcase name="vivo2" time="0.008" classname="testNG.GroupingExample"/>
</testsuite> <!-- testNG.GroupingExample -->
