<?xml version="1.0" encoding="UTF-8"?>
<!-- Generated by org.testng.reporters.JUnitReportReporter -->
<testsuite skipped="0" hostname="DESKTOP-0UOB5R2" name="testNG.SampleTestCase" tests="4" failures="0" timestamp="03 Dec 2021 08:11:01 GMT" time="0.047" errors="0">
  <testcase name="threeTestCase" time="0.016" classname="testNG.SampleTestCase"/>
  <testcase name="firstTestCase" time="0.016" classname="testNG.SampleTestCase"/>
  <testcase name="twoTestCase" time="0.015" classname="testNG.SampleTestCase"/>
  <testcase name="fourTestCase" time="0.000" classname="testNG.SampleTestCase"/>
</testsuite> <!-- testNG.SampleTestCase -->
