<?xml version="1.0" encoding="UTF-8"?>
<!-- Generated by org.testng.reporters.JUnitReportReporter -->
<testsuite hostname="LTIN263603" name="org.testDD.Greens" tests="3" failures="0" timestamp="23 Mar 2022 13:33:37 GMT" time="4.694" errors="0">
  <testcase name="tc1" time="0.148" classname="org.testDD.Greens"/>
  <testcase name="tc3" time="3.889" classname="org.testDD.Greens"/>
  <testcase name="tc2" time="0.657" classname="org.testDD.Greens"/>
</testsuite> <!-- org.testDD.Greens -->
