<?xml version="1.0" encoding="UTF-8"?>
<!-- Generated by org.testng.reporters.JUnitReportReporter -->
<testsuite skipped="1" hostname="DESKTOP-0UOB5R2" name="testNG.SkipATestCase" tests="2" failures="0" timestamp="03 Dec 2021 08:11:01 GMT" time="0.000" errors="0">
  <testcase name="startTheCar" time="0.000" classname="testNG.SkipATestCase"/>
  <testcase name="turnTheMusicON" classname="testNG.SkipATestCase">
    <skipped/>
  </testcase> <!-- turnTheMusicON -->
</testsuite> <!-- testNG.SkipATestCase -->
