<?xml version="1.0" encoding="UTF-8"?>
<!-- Generated by org.testng.reporters.JUnitReportReporter -->
<testsuite skipped="0" hostname="DESKTOP-0UOB5R2" name="testNGBasic.Attribute_3" tests="1" failures="0" timestamp="14 Dec 2021 01:07:51 GMT" time="37.351" errors="0">
  <testcase name="findElements" time="37.351" classname="testNGBasic.Attribute_3"/>
</testsuite> <!-- testNGBasic.Attribute_3 -->
