<?xml version="1.0" encoding="UTF-8"?>
<!-- Generated by org.testng.reporters.JUnitReportReporter -->
<testsuite skipped="0" hostname="DESKTOP-0UOB5R2" name="testNGBasic.Attribute_5" tests="1" failures="0" timestamp="04 Dec 2021 02:38:59 GMT" time="19.271" errors="0">
  <testcase name="findElements" time="19.271" classname="testNGBasic.Attribute_5"/>
</testsuite> <!-- testNGBasic.Attribute_5 -->
