<?xml version="1.0" encoding="UTF-8"?>
<!-- Generated by org.testng.reporters.JUnitReportReporter -->
<testsuite skipped="0" hostname="DESKTOP-0UOB5R2" name="testNGBasic.AttributeDependsOnMethod" tests="5" failures="0" timestamp="03 Dec 2021 12:08:22 GMT" time="0.044" errors="0">
  <testcase name="login" time="0.004" classname="testNGBasic.AttributeDependsOnMethod"/>
  <testcase name="order" time="0.006" classname="testNGBasic.AttributeDependsOnMethod"/>
  <testcase name="searchProduct" time="0.005" classname="testNGBasic.AttributeDependsOnMethod"/>
  <testcase name="addToCart" time="0.006" classname="testNGBasic.AttributeDependsOnMethod"/>
  <testcase name="signUp" time="0.023" classname="testNGBasic.AttributeDependsOnMethod"/>
</testsuite> <!-- testNGBasic.AttributeDependsOnMethod -->
