<?xml version="1.0" encoding="UTF-8"?>
<!-- Generated by org.testng.reporters.JUnitReportReporter -->
<testsuite skipped="0" hostname="DESKTOP-0UOB5R2" name="testNG.SuiteExample" tests="3" failures="0" timestamp="03 Dec 2021 01:50:25 GMT" time="16.243" errors="0">
  <testcase name="openBing" time="4.422" classname="testNG.SuiteExample"/>
  <testcase name="openYahoo" time="7.087" classname="testNG.SuiteExample"/>
  <testcase name="openGoogle" time="4.734" classname="testNG.SuiteExample"/>
</testsuite> <!-- testNG.SuiteExample -->
