<?xml version="1.0" encoding="UTF-8"?>
<!-- Generated by org.testng.reporters.JUnitReportReporter -->
<testsuite skipped="0" hostname="DESKTOP-0UOB5R2" name="testNGBasic.LearnDataProvider" tests="4" failures="0" timestamp="15 Dec 2021 00:32:18 GMT" time="154.623" errors="0">
  <testcase name="login" time="76.438" classname="testNGBasic.LearnDataProvider"/>
  <testcase name="login" time="19.596" classname="testNGBasic.LearnDataProvider"/>
  <testcase name="login" time="20.174" classname="testNGBasic.LearnDataProvider"/>
  <testcase name="login" time="38.415" classname="testNGBasic.LearnDataProvider"/>
</testsuite> <!-- testNGBasic.LearnDataProvider -->
