<?xml version="1.0" encoding="UTF-8"?>
<!-- Generated by org.testng.reporters.JUnitReportReporter -->
<testsuite skipped="0" hostname="DESKTOP-0UOB5R2" name="FirstSelenium.LaunchChrome" tests="1" failures="0" timestamp="26 Nov 2021 02:34:35 GMT" time="0.035" errors="0">
  <testcase name="get" time="0.035" classname="FirstSelenium.LaunchChrome"/>
</testsuite> <!-- FirstSelenium.LaunchChrome -->
