<?xml version="1.0" encoding="UTF-8"?>
<!-- Generated by org.testng.reporters.JUnitReportReporter -->
<testsuite skipped="0" hostname="DESKTOP-0UOB5R2" name="testNGBasic.Groups" tests="2" failures="0" timestamp="07 Dec 2021 01:03:51 GMT" time="0.027" errors="0">
  <testcase name="login" time="0.023" classname="testNGBasic.Groups"/>
  <testcase name="order" time="0.004" classname="testNGBasic.Groups"/>
</testsuite> <!-- testNGBasic.Groups -->
