<?xml version="1.0" encoding="UTF-8"?>
<!-- Generated by org.testng.reporters.JUnitReportReporter -->
<testsuite skipped="0" hostname="DESKTOP-0UOB5R2" name="testNGBasic.LearnAttributes1" tests="5" failures="0" timestamp="03 Dec 2021 11:49:37 GMT" time="0.039" errors="0">
  <testcase name="order" time="0.023" classname="testNGBasic.LearnAttributes1"/>
  <testcase name="signUp" time="0.005" classname="testNGBasic.LearnAttributes1"/>
  <testcase name="searchProduct" time="0.003" classname="testNGBasic.LearnAttributes1"/>
  <testcase name="login" time="0.004" classname="testNGBasic.LearnAttributes1"/>
  <testcase name="addToCart" time="0.004" classname="testNGBasic.LearnAttributes1"/>
</testsuite> <!-- testNGBasic.LearnAttributes1 -->
