<?xml version="1.0" encoding="UTF-8"?>
<!-- Generated by org.testng.reporters.JUnitReportReporter -->
<testsuite skipped="0" hostname="DESKTOP-0UOB5R2" name="testNG.DependenciesManagement" tests="3" failures="0" timestamp="04 Dec 2021 02:18:01 GMT" time="0.031" errors="0">
  <testcase name="engineering" time="0.004" classname="testNG.DependenciesManagement"/>
  <testcase name="highSchool" time="0.023" classname="testNG.DependenciesManagement"/>
  <testcase name="higherSecondary" time="0.004" classname="testNG.DependenciesManagement"/>
</testsuite> <!-- testNG.DependenciesManagement -->
