<?xml version="1.0" encoding="UTF-8"?>
<!-- Generated by org.testng.reporters.JUnitReportReporter -->
<testsuite skipped="0" hostname="DESKTOP-0UOB5R2" name="testNG.ParameterizationExample" tests="1" failures="0" timestamp="03 Dec 2021 10:57:15 GMT" time="0.028" errors="0">
  <testcase name="printName" time="0.028" classname="testNG.ParameterizationExample"/>
</testsuite> <!-- testNG.ParameterizationExample -->
