<?xml version="1.0" encoding="UTF-8"?>
<!-- Generated by org.testng.reporters.JUnitReportReporter -->
<testsuite skipped="0" hostname="DESKTOP-0UOB5R2" name="testNGBasic.Attribute_1" tests="5" failures="0" timestamp="04 Dec 2021 02:06:54 GMT" time="0.065" errors="0">
  <testcase name="order" time="0.036" classname="testNGBasic.Attribute_1"/>
  <testcase name="signUp" time="0.010" classname="testNGBasic.Attribute_1"/>
  <testcase name="login" time="0.006" classname="testNGBasic.Attribute_1"/>
  <testcase name="searchProduct" time="0.005" classname="testNGBasic.Attribute_1"/>
  <testcase name="addToCart" time="0.008" classname="testNGBasic.Attribute_1"/>
</testsuite> <!-- testNGBasic.Attribute_1 -->
