<?xml version="1.0" encoding="UTF-8"?>
<!-- Generated by org.testng.reporters.JUnitReportReporter -->
<testsuite skipped="0" hostname="DESKTOP-0UOB5R2" name="FirstSelenium.test" tests="1" failures="0" timestamp="02 Dec 2021 09:52:41 GMT" time="0.029" errors="0">
  <testcase name="get" time="0.029" classname="FirstSelenium.test"/>
</testsuite> <!-- FirstSelenium.test -->
